c:\users\qkqh9\onedrive - 금오공과대학교\컴퓨터공학\19-2학기\소프트웨어 및 설계\레벨3(테트리스)\테트리스(다중파일)\테트리스\project7\release\vc141.pdb
c:\users\qkqh9\onedrive - 금오공과대학교\컴퓨터공학\19-2학기\소프트웨어 및 설계\레벨3(테트리스)\테트리스(다중파일)\테트리스\project7\release\tetris.obj
c:\users\qkqh9\onedrive - 금오공과대학교\컴퓨터공학\19-2학기\소프트웨어 및 설계\레벨3(테트리스)\테트리스(다중파일)\테트리스\project7\release\main.obj
c:\users\qkqh9\onedrive - 금오공과대학교\컴퓨터공학\19-2학기\소프트웨어 및 설계\레벨3(테트리스)\테트리스(다중파일)\테트리스\project7\release\init.obj
c:\users\qkqh9\onedrive - 금오공과대학교\컴퓨터공학\19-2학기\소프트웨어 및 설계\레벨3(테트리스)\테트리스(다중파일)\테트리스\project7\release\gui.obj
c:\users\qkqh9\onedrive - 금오공과대학교\컴퓨터공학\19-2학기\소프트웨어 및 설계\레벨3(테트리스)\테트리스(다중파일)\테트리스\project7\release\com.obj
c:\users\qkqh9\onedrive - 금오공과대학교\컴퓨터공학\19-2학기\소프트웨어 및 설계\레벨3(테트리스)\테트리스(다중파일)\project7\release\테트리스.exe
c:\users\qkqh9\onedrive - 금오공과대학교\컴퓨터공학\19-2학기\소프트웨어 및 설계\레벨3(테트리스)\테트리스(다중파일)\project7\release\테트리스.pdb
c:\users\qkqh9\onedrive - 금오공과대학교\컴퓨터공학\19-2학기\소프트웨어 및 설계\레벨3(테트리스)\테트리스(다중파일)\테트리스\release\테트리스.exe
c:\users\qkqh9\onedrive - 금오공과대학교\컴퓨터공학\19-2학기\소프트웨어 및 설계\레벨3(테트리스)\테트리스(다중파일)\테트리스\release\테트리스.pdb
c:\users\qkqh9\onedrive - 금오공과대학교\컴퓨터공학\19-2학기\소프트웨어 및 설계\레벨3(테트리스)\테트리스(다중파일)\테트리스\project7\release\테트리스.res
c:\users\qkqh9\onedrive - 금오공과대학교\컴퓨터공학\19-2학기\소프트웨어 및 설계\레벨3(테트리스)\테트리스(다중파일)\project7\release\테트리스.ipdb
c:\users\qkqh9\onedrive - 금오공과대학교\컴퓨터공학\19-2학기\소프트웨어 및 설계\레벨3(테트리스)\테트리스(다중파일)\project7\release\테트리스.iobj
c:\users\qkqh9\onedrive - 금오공과대학교\컴퓨터공학\19-2학기\소프트웨어 및 설계\레벨3(테트리스)\테트리스(다중파일)\테트리스\release\테트리스.ipdb
c:\users\qkqh9\onedrive - 금오공과대학교\컴퓨터공학\19-2학기\소프트웨어 및 설계\레벨3(테트리스)\테트리스(다중파일)\테트리스\release\테트리스.iobj
c:\users\qkqh9\onedrive - 금오공과대학교\컴퓨터공학\19-2학기\소프트웨어 및 설계\레벨3(테트리스)\테트리스(다중파일)\테트리스\project7\release\테트리스.tlog\cl.command.1.tlog
c:\users\qkqh9\onedrive - 금오공과대학교\컴퓨터공학\19-2학기\소프트웨어 및 설계\레벨3(테트리스)\테트리스(다중파일)\테트리스\project7\release\테트리스.tlog\cl.read.1.tlog
c:\users\qkqh9\onedrive - 금오공과대학교\컴퓨터공학\19-2학기\소프트웨어 및 설계\레벨3(테트리스)\테트리스(다중파일)\테트리스\project7\release\테트리스.tlog\cl.write.1.tlog
c:\users\qkqh9\onedrive - 금오공과대학교\컴퓨터공학\19-2학기\소프트웨어 및 설계\레벨3(테트리스)\테트리스(다중파일)\테트리스\project7\release\테트리스.tlog\link.command.1.tlog
c:\users\qkqh9\onedrive - 금오공과대학교\컴퓨터공학\19-2학기\소프트웨어 및 설계\레벨3(테트리스)\테트리스(다중파일)\테트리스\project7\release\테트리스.tlog\link.read.1.tlog
c:\users\qkqh9\onedrive - 금오공과대학교\컴퓨터공학\19-2학기\소프트웨어 및 설계\레벨3(테트리스)\테트리스(다중파일)\테트리스\project7\release\테트리스.tlog\link.write.1.tlog
c:\users\qkqh9\onedrive - 금오공과대학교\컴퓨터공학\19-2학기\소프트웨어 및 설계\레벨3(테트리스)\테트리스(다중파일)\테트리스\project7\release\테트리스.tlog\rc.command.1.tlog
c:\users\qkqh9\onedrive - 금오공과대학교\컴퓨터공학\19-2학기\소프트웨어 및 설계\레벨3(테트리스)\테트리스(다중파일)\테트리스\project7\release\테트리스.tlog\rc.read.1.tlog
c:\users\qkqh9\onedrive - 금오공과대학교\컴퓨터공학\19-2학기\소프트웨어 및 설계\레벨3(테트리스)\테트리스(다중파일)\테트리스\project7\release\테트리스.tlog\rc.write.1.tlog
c:\users\qkqh9\onedrive - 금오공과대학교\컴퓨터공학\19-2학기\소프트웨어 및 설계\레벨3(테트리스)\테트리스(다중파일)\테트리스\project7\release\테트리스.tlog\테트리스.write.1u.tlog
